{"name": "Successful Login", "status": "broken", "statusDetails": {"message": "selenium.common.exceptions.NoSuchElementException: Message: no such element: Unable to locate element: {\"method\":\"xpath\",\"selector\":\"//button[@id='add-to-cart-sauce-labs-onesie']\"}\n  (Session info: chrome=113.0.5672.127)\nStacktrace:\nBacktrace:\n\tGetHandleVerifier [0x00288893+48451]\n\t(No symbol) [0x0021B8A1]\n\t(No symbol) [0x00125058]\n\t(No symbol) [0x00150467]\n\t(No symbol) [0x0015069B]\n\t(No symbol) [0x0017DD92]\n\t(No symbol) [0x0016A304]\n\t(No symbol) [0x0017C482]\n\t(No symbol) [0x0016A0B6]\n\t(No symbol) [0x00147E08]\n\t(No symbol) [0x00148F2D]\n\tGetHandleVerifier [0x004E8E3A+2540266]\n\tGetHandleVerifier [0x00528959+2801161]\n\tGetHandleVerifier [0x0052295C+2776588]\n\tGetHandleVerifier [0x00312280+612144]\n\t(No symbol) [0x00224F6C]\n\t(No symbol) [0x002211D8]\n\t(No symbol) [0x002212BB]\n\t(No symbol) [0x00214857]\n\tBaseThreadInitThunk [0x75617D59+25]\n\tRtlInitializeExceptionChain [0x7736B74B+107]\n\tRtlClearBits [0x7736B6CF+191]\n\t(No symbol) [0x00000000]\n\n", "trace": "  File \"C:\\Users\\Asus\\venv\\Lib\\site-packages\\behave\\model.py\", line 1329, in run\n    match.run(runner.context)\n  File \"C:\\Users\\Asus\\venv\\Lib\\site-packages\\behave\\matchers.py\", line 98, in run\n    self.func(context, *args, **kwargs)\n  File \"Features\\steps\\SauceDemoPurchase.py\", line 46, in ProductSelection\n    context.driver.find_element(\"xpath\", \"//button[@id='add-to-cart-sauce-labs-onesie']\").click()\n    ^^^^^^^^^^^^^^^^^^^^^^^^^^^^^^^^^^^^^^^^^^^^^^^^^^^^^^^^^^^^^^^^^^^^^^^^^^^^^^^^^^^^^\n  File \"C:\\Users\\Asus\\venv\\Lib\\site-packages\\selenium\\webdriver\\remote\\webdriver.py\", line 831, in find_element\n    return self.execute(Command.FIND_ELEMENT, {\"using\": by, \"value\": value})[\"value\"]\n           ^^^^^^^^^^^^^^^^^^^^^^^^^^^^^^^^^^^^^^^^^^^^^^^^^^^^^^^^^^^^^^^^^\n  File \"C:\\Users\\Asus\\venv\\Lib\\site-packages\\selenium\\webdriver\\remote\\webdriver.py\", line 440, in execute\n    self.error_handler.check_response(response)\n  File \"C:\\Users\\Asus\\venv\\Lib\\site-packages\\selenium\\webdriver\\remote\\errorhandler.py\", line 245, in check_response\n    raise exception_class(message, screen, stacktrace)\n"}, "steps": [{"name": "Given I am launching Chrome browser", "status": "passed", "start": 1685437596964, "stop": 1685437598912}, {"name": "When I am in the Demo Login Page", "status": "passed", "start": 1685437598912, "stop": 1685437600635}, {"name": "When I fill account information on account StandardUser to the Username \"standard_user\" to the Password \"secret_sauce\"", "status": "passed", "start": 1685437600635, "stop": 1685437601191}, {"name": "When I clicked the Login Button", "status": "passed", "start": 1685437601191, "stop": 1685437601333}, {"name": "Then I am redirected to Demo Main Page \"Products\"", "status": "passed", "start": 1685437601333, "stop": 1685437601394}, {"name": "When User sorts products from low price to high price \"p\"", "status": "passed", "start": 1685437601395, "stop": 1685437601641}, {"name": "When user adds lowest priced product", "status": "broken", "statusDetails": {"message": "selenium.common.exceptions.NoSuchElementException: Message: no such element: Unable to locate element: {\"method\":\"xpath\",\"selector\":\"//button[@id='add-to-cart-sauce-labs-onesie']\"}\n  (Session info: chrome=113.0.5672.127)\nStacktrace:\nBacktrace:\n\tGetHandleVerifier [0x00288893+48451]\n\t(No symbol) [0x0021B8A1]\n\t(No symbol) [0x00125058]\n\t(No symbol) [0x00150467]\n\t(No symbol) [0x0015069B]\n\t(No symbol) [0x0017DD92]\n\t(No symbol) [0x0016A304]\n\t(No symbol) [0x0017C482]\n\t(No symbol) [0x0016A0B6]\n\t(No symbol) [0x00147E08]\n\t(No symbol) [0x00148F2D]\n\tGetHandleVerifier [0x004E8E3A+2540266]\n\tGetHandleVerifier [0x00528959+2801161]\n\tGetHandleVerifier [0x0052295C+2776588]\n\tGetHandleVerifier [0x00312280+612144]\n\t(No symbol) [0x00224F6C]\n\t(No symbol) [0x002211D8]\n\t(No symbol) [0x002212BB]\n\t(No symbol) [0x00214857]\n\tBaseThreadInitThunk [0x75617D59+25]\n\tRtlInitializeExceptionChain [0x7736B74B+107]\n\tRtlClearBits [0x7736B6CF+191]\n\t(No symbol) [0x00000000]\n\n", "trace": "  File \"C:\\Users\\Asus\\venv\\Lib\\site-packages\\behave\\model.py\", line 1329, in run\n    match.run(runner.context)\n  File \"C:\\Users\\Asus\\venv\\Lib\\site-packages\\behave\\matchers.py\", line 98, in run\n    self.func(context, *args, **kwargs)\n  File \"Features\\steps\\SauceDemoPurchase.py\", line 46, in ProductSelection\n    context.driver.find_element(\"xpath\", \"//button[@id='add-to-cart-sauce-labs-onesie']\").click()\n    ^^^^^^^^^^^^^^^^^^^^^^^^^^^^^^^^^^^^^^^^^^^^^^^^^^^^^^^^^^^^^^^^^^^^^^^^^^^^^^^^^^^^^\n  File \"C:\\Users\\Asus\\venv\\Lib\\site-packages\\selenium\\webdriver\\remote\\webdriver.py\", line 831, in find_element\n    return self.execute(Command.FIND_ELEMENT, {\"using\": by, \"value\": value})[\"value\"]\n           ^^^^^^^^^^^^^^^^^^^^^^^^^^^^^^^^^^^^^^^^^^^^^^^^^^^^^^^^^^^^^^^^^\n  File \"C:\\Users\\Asus\\venv\\Lib\\site-packages\\selenium\\webdriver\\remote\\webdriver.py\", line 440, in execute\n    self.error_handler.check_response(response)\n  File \"C:\\Users\\Asus\\venv\\Lib\\site-packages\\selenium\\webdriver\\remote\\errorhandler.py\", line 245, in check_response\n    raise exception_class(message, screen, stacktrace)\n"}, "start": 1685437601641, "stop": 1685437601863}, {"name": "When user clicks on cart", "status": "skipped", "start": 1685437601866, "stop": 1685437601866}, {"name": "When user clicks on checkout", "status": "skipped", "start": 1685437601866, "stop": 1685437601866}, {"name": "Then user enters firstname \"John\" lastname \"Doe\" zipcode \"123\"", "status": "skipped", "start": 1685437601866, "stop": 1685437601866}, {"name": "Then user clicks Continue button", "status": "skipped", "start": 1685437601866, "stop": 1685437601866}, {"name": "Then I verify in Checkout overview page if the total amount for the added item is \"Total: $8.63\"", "status": "skipped", "start": 1685437601866, "stop": 1685437601866}, {"name": "When user clicks Finish button", "status": "skipped", "start": 1685437601866, "stop": 1685437601866}, {"name": "Then Thank You header is shown in Checkout Complete page", "status": "skipped", "start": 1685437601866, "stop": 1685437601866}], "start": 1685437596961, "stop": 1685437601866, "uuid": "6bf2a07d-1144-4cd7-950b-0867cf3e0468", "historyId": "e8958c89f55d6a721de4bbfe20674f7f", "fullName": "SauceDemo is checking for valid and invalid users authentication and let them to shopping: Successful Login", "labels": [{"name": "severity", "value": "normal"}, {"name": "feature", "value": "SauceDemo is checking for valid and invalid users authentication and let them to shopping"}, {"name": "framework", "value": "behave"}, {"name": "language", "value": "cpython3"}]}